


ARM Macro Assembler    Page 1 


    1 00000000         ;******************** (C) COPYRIGHT 2014 STMicroelectron
                       ics ********************
    2 00000000         ;* File Name          : startup_stm32f0xx.s
    3 00000000         ;* Author             : MCD Application Team
    4 00000000         ;* Version            : V1.5.0
    5 00000000         ;* Date               : 05-December-2014
    6 00000000         ;* Description        : STM32F051 devices vector table f
                       or MDK-ARM toolchain.
    7 00000000         ;*                      This module performs:
    8 00000000         ;*                      - Set the initial SP
    9 00000000         ;*                      - Set the initial PC == Reset_Ha
                       ndler
   10 00000000         ;*                      - Set the vector table entries w
                       ith the exceptions ISR address
   11 00000000         ;*                      - Configure the system clock
   12 00000000         ;*                      - Branches to __main in the C li
                       brary (which eventually
   13 00000000         ;*                        calls main()).
   14 00000000         ;*                      After Reset the CortexM0 process
                       or is in Thread mode,
   15 00000000         ;*                      priority is Privileged, and the 
                       Stack is set to Main.
   16 00000000         ;* <<< Use Configuration Wizard in Context Menu >>>   
   17 00000000         ;*******************************************************
                       ************************
   18 00000000         ;  @attention
   19 00000000         ; 
   20 00000000         ;  Licensed under MCD-ST Liberty SW License Agreement V2
                       , (the "License");
   21 00000000         ;  You may not use this file except in compliance with t
                       he License.
   22 00000000         ;  You may obtain a copy of the License at:
   23 00000000         ; 
   24 00000000         ;         http://www.st.com/software_license_agreement_l
                       iberty_v2
   25 00000000         ; 
   26 00000000         ;  Unless required by applicable law or agreed to in wri
                       ting, software 
   27 00000000         ;  distributed under the License is distributed on an "A
                       S IS" BASIS, 
   28 00000000         ;  WITHOUT WARRANTIES OR CONDITIONS OF ANY KIND, either 
                       express or implied.
   29 00000000         ;  See the License for the specific language governing p
                       ermissions and
   30 00000000         ;  limitations under the License.
   31 00000000         ; 
   32 00000000         ;*******************************************************
                       ************************
   33 00000000         ;
   34 00000000         ; Amount of memory (in bytes) allocated for Stack
   35 00000000         ; Tailor this value to your application needs
   36 00000000         ; <h> Stack Configuration
   37 00000000         ;   <o> Stack Size (in Bytes) <0x0-0xFFFFFFFF:8>
   38 00000000         ; </h>
   39 00000000         
   40 00000000 00000400 
                       Stack_Size
                               EQU              0x00000400
   41 00000000         



ARM Macro Assembler    Page 2 


   42 00000000                 AREA             STACK, NOINIT, READWRITE, ALIGN
=3
   43 00000000         Stack_Mem
                               SPACE            Stack_Size
   44 00000400         __initial_sp
   45 00000400         
   46 00000400         
   47 00000400         ; <h> Heap Configuration
   48 00000400         ;   <o>  Heap Size (in Bytes) <0x0-0xFFFFFFFF:8>
   49 00000400         ; </h>
   50 00000400         
   51 00000400 00000200 
                       Heap_Size
                               EQU              0x00000200
   52 00000400         
   53 00000400                 AREA             HEAP, NOINIT, READWRITE, ALIGN=
3
   54 00000000         __heap_base
   55 00000000         Heap_Mem
                               SPACE            Heap_Size
   56 00000200         __heap_limit
   57 00000200         
   58 00000200                 PRESERVE8
   59 00000200                 THUMB
   60 00000200         
   61 00000200         
   62 00000200         ; Vector Table Mapped to Address 0 at Reset
   63 00000200                 AREA             RESET, DATA, READONLY
   64 00000000                 EXPORT           __Vectors
   65 00000000                 EXPORT           __Vectors_End
   66 00000000                 EXPORT           __Vectors_Size
   67 00000000         
   68 00000000 00000000 
                       __Vectors
                               DCD              __initial_sp ; Top of Stack
   69 00000004 00000000        DCD              Reset_Handler ; Reset Handler
   70 00000008 00000000        DCD              NMI_Handler ; NMI Handler
   71 0000000C 00000000        DCD              HardFault_Handler ; Hard Fault 
                                                            Handler
   72 00000010 00000000        DCD              0           ; Reserved
   73 00000014 00000000        DCD              0           ; Reserved
   74 00000018 00000000        DCD              0           ; Reserved
   75 0000001C 00000000        DCD              0           ; Reserved
   76 00000020 00000000        DCD              0           ; Reserved
   77 00000024 00000000        DCD              0           ; Reserved
   78 00000028 00000000        DCD              0           ; Reserved
   79 0000002C 00000000        DCD              SVC_Handler ; SVCall Handler
   80 00000030 00000000        DCD              0           ; Reserved
   81 00000034 00000000        DCD              0           ; Reserved
   82 00000038 00000000        DCD              PendSV_Handler ; PendSV Handler
                                                            
   83 0000003C 00000000        DCD              SysTick_Handler 
                                                            ; SysTick Handler
   84 00000040         
   85 00000040         ; External Interrupts
   86 00000040 00000000        DCD              WWDG_IRQHandler 
                                                            ; Window Watchdog
   87 00000044 00000000        DCD              PVD_IRQHandler ; PVD through EX
                                                            TI Line detect



ARM Macro Assembler    Page 3 


   88 00000048 00000000        DCD              RTC_IRQHandler ; RTC through EX
                                                            TI Line
   89 0000004C 00000000        DCD              FLASH_IRQHandler ; FLASH
   90 00000050 00000000        DCD              RCC_IRQHandler ; RCC
   91 00000054 00000000        DCD              EXTI0_1_IRQHandler 
                                                            ; EXTI Line 0 and 1
                                                            
   92 00000058 00000000        DCD              EXTI2_3_IRQHandler 
                                                            ; EXTI Line 2 and 3
                                                            
   93 0000005C 00000000        DCD              EXTI4_15_IRQHandler 
                                                            ; EXTI Line 4 to 15
                                                            
   94 00000060 00000000        DCD              TS_IRQHandler ; TS
   95 00000064 00000000        DCD              DMA1_Channel1_IRQHandler 
                                                            ; DMA1 Channel 1
   96 00000068 00000000        DCD              DMA1_Channel2_3_IRQHandler ; DM
                                                            A1 Channel 2 and Ch
                                                            annel 3
   97 0000006C 00000000        DCD              DMA1_Channel4_5_IRQHandler ; DM
                                                            A1 Channel 4 and Ch
                                                            annel 5
   98 00000070 00000000        DCD              ADC1_COMP_IRQHandler ; ADC1, CO
                                                            MP1 and COMP2 
   99 00000074 00000000        DCD              TIM1_BRK_UP_TRG_COM_IRQHandler 
                                                            ; TIM1 Break, Updat
                                                            e, Trigger and Comm
                                                            utation
  100 00000078 00000000        DCD              TIM1_CC_IRQHandler ; TIM1 Captu
                                                            re Compare
  101 0000007C 00000000        DCD              TIM2_IRQHandler ; TIM2
  102 00000080 00000000        DCD              TIM3_IRQHandler ; TIM3
  103 00000084 00000000        DCD              TIM6_DAC_IRQHandler 
                                                            ; TIM6 and DAC
  104 00000088 00000000        DCD              0           ; Reserved
  105 0000008C 00000000        DCD              TIM14_IRQHandler ; TIM14
  106 00000090 00000000        DCD              TIM15_IRQHandler ; TIM15
  107 00000094 00000000        DCD              TIM16_IRQHandler ; TIM16
  108 00000098 00000000        DCD              TIM17_IRQHandler ; TIM17
  109 0000009C 00000000        DCD              I2C1_IRQHandler ; I2C1
  110 000000A0 00000000        DCD              I2C2_IRQHandler ; I2C2
  111 000000A4 00000000        DCD              SPI1_IRQHandler ; SPI1
  112 000000A8 00000000        DCD              SPI2_IRQHandler ; SPI2
  113 000000AC 00000000        DCD              USART1_IRQHandler ; USART1
  114 000000B0 00000000        DCD              USART2_IRQHandler ; USART2
  115 000000B4 00000000        DCD              0           ; Reserved
  116 000000B8 00000000        DCD              CEC_IRQHandler ; CEC
  117 000000BC 00000000        DCD              0           ; Reserved
  118 000000C0         
  119 000000C0         __Vectors_End
  120 000000C0         
  121 000000C0 000000C0 
                       __Vectors_Size
                               EQU              __Vectors_End - __Vectors
  122 000000C0         
  123 000000C0                 AREA             |.text|, CODE, READONLY
  124 00000000         
  125 00000000         ;; Reset handler routine
  126 00000000         ;Reset_Handler    PROC



ARM Macro Assembler    Page 4 


  127 00000000         ;EXPORT  Reset_Handler                 [WEAK]
  128 00000000         ;IMPORT  __main
  129 00000000         ;IMPORT  SystemInit
  130 00000000         
  131 00000000         
  132 00000000         
  133 00000000         ;LDR     R0, =__initial_sp          ; set stack pointer 
                       
  134 00000000         ;MSR     MSP, R0  
  135 00000000         
  136 00000000         ;;;Check if boot space corresponds to test memory 
  137 00000000         
  138 00000000         ;LDR R0,=0x00000004
  139 00000000         ;LDR R1, [R0]
  140 00000000         ;LSRS R1, R1, #24
  141 00000000         ;LDR R2,=0x1F
  142 00000000         ;CMP R1, R2
  143 00000000         
  144 00000000         ;BNE ApplicationStart  
  145 00000000         
  146 00000000         ;;; SYSCFG clock enable    
  147 00000000         
  148 00000000         ;LDR R0,=0x40021018 
  149 00000000         ;LDR R1,=0x00000001
  150 00000000         ;STR R1, [R0]
  151 00000000         
  152 00000000         ;;; Set CFGR1 register with flash memory remap at addres
                       s 0
  153 00000000         
  154 00000000         ;LDR R0,=0x40010000 
  155 00000000         ;LDR R1,=0x00000000
  156 00000000         ;STR R1, [R0]
  157 00000000         ;ApplicationStart          
  158 00000000         ;LDR     R0, =SystemInit
  159 00000000         ;BLX     R0
  160 00000000         ;LDR     R0, =__main
  161 00000000         ;BX      R0
  162 00000000         ;ENDP
  163 00000000         
  164 00000000         ; Reset handler routine
  165 00000000         Reset_Handler
                               PROC
  166 00000000                 EXPORT           Reset_Handler                 [
WEAK]
  167 00000000                 IMPORT           __main
  168 00000000                 IMPORT           SystemInit
  169 00000000 4804            LDR              R0, =SystemInit
  170 00000002 4780            BLX              R0
  171 00000004 4804            LDR              R0, =__main
  172 00000006 4700            BX               R0
  173 00000008                 ENDP
  174 00000008         
  175 00000008         ; Dummy Exception Handlers (infinite loops which can be 
                       modified)
  176 00000008         
  177 00000008         NMI_Handler
                               PROC
  178 00000008                 EXPORT           NMI_Handler                    
[WEAK]



ARM Macro Assembler    Page 5 


  179 00000008 E7FE            B                .
  180 0000000A                 ENDP
  182 0000000A         HardFault_Handler
                               PROC
  183 0000000A                 EXPORT           HardFault_Handler              
[WEAK]
  184 0000000A E7FE            B                .
  185 0000000C                 ENDP
  186 0000000C         SVC_Handler
                               PROC
  187 0000000C                 EXPORT           SVC_Handler                    
[WEAK]
  188 0000000C E7FE            B                .
  189 0000000E                 ENDP
  190 0000000E         PendSV_Handler
                               PROC
  191 0000000E                 EXPORT           PendSV_Handler                 
[WEAK]
  192 0000000E E7FE            B                .
  193 00000010                 ENDP
  194 00000010         SysTick_Handler
                               PROC
  195 00000010                 EXPORT           SysTick_Handler                
[WEAK]
  196 00000010 E7FE            B                .
  197 00000012                 ENDP
  198 00000012         
  199 00000012         Default_Handler
                               PROC
  200 00000012         
  201 00000012                 EXPORT           WWDG_IRQHandler                
[WEAK]
  202 00000012                 EXPORT           PVD_IRQHandler                 
[WEAK]
  203 00000012                 EXPORT           RTC_IRQHandler                 
[WEAK]
  204 00000012                 EXPORT           FLASH_IRQHandler               
[WEAK]
  205 00000012                 EXPORT           RCC_IRQHandler                 
[WEAK]
  206 00000012                 EXPORT           EXTI0_1_IRQHandler             
[WEAK]
  207 00000012                 EXPORT           EXTI2_3_IRQHandler             
[WEAK]
  208 00000012                 EXPORT           EXTI4_15_IRQHandler            
[WEAK]
  209 00000012                 EXPORT           TS_IRQHandler                  
[WEAK]
  210 00000012                 EXPORT           DMA1_Channel1_IRQHandler       
[WEAK]
  211 00000012                 EXPORT           DMA1_Channel2_3_IRQHandler     
[WEAK]
  212 00000012                 EXPORT           DMA1_Channel4_5_IRQHandler     
[WEAK]
  213 00000012                 EXPORT           ADC1_COMP_IRQHandler           
[WEAK]
  214 00000012                 EXPORT           TIM1_BRK_UP_TRG_COM_IRQHandler 
[WEAK]
  215 00000012                 EXPORT           TIM1_CC_IRQHandler             



ARM Macro Assembler    Page 6 


[WEAK]
  216 00000012                 EXPORT           TIM2_IRQHandler                
[WEAK]
  217 00000012                 EXPORT           TIM3_IRQHandler                
[WEAK]
  218 00000012                 EXPORT           TIM6_DAC_IRQHandler            
[WEAK]
  219 00000012                 EXPORT           TIM14_IRQHandler               
[WEAK]
  220 00000012                 EXPORT           TIM15_IRQHandler               
[WEAK]
  221 00000012                 EXPORT           TIM16_IRQHandler               
[WEAK]
  222 00000012                 EXPORT           TIM17_IRQHandler               
[WEAK]
  223 00000012                 EXPORT           I2C1_IRQHandler                
[WEAK]
  224 00000012                 EXPORT           I2C2_IRQHandler                
[WEAK]
  225 00000012                 EXPORT           SPI1_IRQHandler                
[WEAK]
  226 00000012                 EXPORT           SPI2_IRQHandler                
[WEAK]
  227 00000012                 EXPORT           USART1_IRQHandler              
[WEAK]
  228 00000012                 EXPORT           USART2_IRQHandler              
[WEAK]
  229 00000012                 EXPORT           CEC_IRQHandler                 
[WEAK]
  230 00000012         
  231 00000012         
  232 00000012         WWDG_IRQHandler
  233 00000012         PVD_IRQHandler
  234 00000012         RTC_IRQHandler
  235 00000012         FLASH_IRQHandler
  236 00000012         RCC_IRQHandler
  237 00000012         EXTI0_1_IRQHandler
  238 00000012         EXTI2_3_IRQHandler
  239 00000012         EXTI4_15_IRQHandler
  240 00000012         TS_IRQHandler
  241 00000012         DMA1_Channel1_IRQHandler
  242 00000012         DMA1_Channel2_3_IRQHandler
  243 00000012         DMA1_Channel4_5_IRQHandler
  244 00000012         ADC1_COMP_IRQHandler
  245 00000012         TIM1_BRK_UP_TRG_COM_IRQHandler
  246 00000012         TIM1_CC_IRQHandler
  247 00000012         TIM2_IRQHandler
  248 00000012         TIM3_IRQHandler
  249 00000012         TIM6_DAC_IRQHandler
  250 00000012         TIM14_IRQHandler
  251 00000012         TIM15_IRQHandler
  252 00000012         TIM16_IRQHandler
  253 00000012         TIM17_IRQHandler
  254 00000012         I2C1_IRQHandler
  255 00000012         I2C2_IRQHandler
  256 00000012         SPI1_IRQHandler
  257 00000012         SPI2_IRQHandler
  258 00000012         USART1_IRQHandler
  259 00000012         USART2_IRQHandler



ARM Macro Assembler    Page 7 


  260 00000012         CEC_IRQHandler
  261 00000012         
  262 00000012 E7FE            B                .
  263 00000014         
  264 00000014                 ENDP
  265 00000014         
  266 00000014                 ALIGN
  267 00000014         
  268 00000014         ;*******************************************************
                       ************************
  269 00000014         ; User Stack and Heap initialization
  270 00000014         ;*******************************************************
                       ************************
  271 00000014                 IF               :DEF:__MICROLIB
  272 00000014         
  273 00000014                 EXPORT           __initial_sp
  274 00000014                 EXPORT           __heap_base
  275 00000014                 EXPORT           __heap_limit
  276 00000014         
  277 00000014                 ELSE
  292                          ENDIF
  293 00000014         
  294 00000014                 END
              00000000 
              00000000 
Command Line: --debug --xref --diag_suppress=9931 --cpu=Cortex-M0 --apcs=interw
ork --depend=..\20_make\output\startup_stm32f0xx.d -o..\20_make\output\startup_
stm32f0xx.o -I.\RTE\_Skywalker_4000W_Com -I"C:\Program Files Me\Keil_v5\ARM\PAC
K\Keil\STM32F0xx_DFP\2.0.0\Drivers\CMSIS\Device\ST\STM32F0xx\Include" -I"C:\Pro
gram Files Me\Keil_v5\ARM\CMSIS\Include" -I"C:\Program Files Me\Keil_v5\ARM\PAC
K\Keil\STM32F0xx_DFP\2.0.0\Device\Include" --predefine="__MICROLIB SETA 1" --pr
edefine="__UVISION_VERSION SETA 525" --predefine="STM32F071xB SETA 1" --list=.\
startup_stm32f0xx.lst ..\50_Lib\Assembly\startup_stm32f0xx.s



ARM Macro Assembler    Page 1 Alphabetic symbol ordering
Relocatable symbols

STACK 00000000

Symbol: STACK
   Definitions
      At line 42 in file ..\50_Lib\Assembly\startup_stm32f0xx.s
   Uses
      None
Comment: STACK unused
Stack_Mem 00000000

Symbol: Stack_Mem
   Definitions
      At line 43 in file ..\50_Lib\Assembly\startup_stm32f0xx.s
   Uses
      None
Comment: Stack_Mem unused
__initial_sp 00000400

Symbol: __initial_sp
   Definitions
      At line 44 in file ..\50_Lib\Assembly\startup_stm32f0xx.s
   Uses
      At line 68 in file ..\50_Lib\Assembly\startup_stm32f0xx.s
      At line 273 in file ..\50_Lib\Assembly\startup_stm32f0xx.s

3 symbols



ARM Macro Assembler    Page 1 Alphabetic symbol ordering
Relocatable symbols

HEAP 00000000

Symbol: HEAP
   Definitions
      At line 53 in file ..\50_Lib\Assembly\startup_stm32f0xx.s
   Uses
      None
Comment: HEAP unused
Heap_Mem 00000000

Symbol: Heap_Mem
   Definitions
      At line 55 in file ..\50_Lib\Assembly\startup_stm32f0xx.s
   Uses
      None
Comment: Heap_Mem unused
__heap_base 00000000

Symbol: __heap_base
   Definitions
      At line 54 in file ..\50_Lib\Assembly\startup_stm32f0xx.s
   Uses
      At line 274 in file ..\50_Lib\Assembly\startup_stm32f0xx.s
Comment: __heap_base used once
__heap_limit 00000200

Symbol: __heap_limit
   Definitions
      At line 56 in file ..\50_Lib\Assembly\startup_stm32f0xx.s
   Uses
      At line 275 in file ..\50_Lib\Assembly\startup_stm32f0xx.s
Comment: __heap_limit used once
4 symbols



ARM Macro Assembler    Page 1 Alphabetic symbol ordering
Relocatable symbols

RESET 00000000

Symbol: RESET
   Definitions
      At line 63 in file ..\50_Lib\Assembly\startup_stm32f0xx.s
   Uses
      None
Comment: RESET unused
__Vectors 00000000

Symbol: __Vectors
   Definitions
      At line 68 in file ..\50_Lib\Assembly\startup_stm32f0xx.s
   Uses
      At line 64 in file ..\50_Lib\Assembly\startup_stm32f0xx.s
      At line 121 in file ..\50_Lib\Assembly\startup_stm32f0xx.s

__Vectors_End 000000C0

Symbol: __Vectors_End
   Definitions
      At line 119 in file ..\50_Lib\Assembly\startup_stm32f0xx.s
   Uses
      At line 65 in file ..\50_Lib\Assembly\startup_stm32f0xx.s
      At line 121 in file ..\50_Lib\Assembly\startup_stm32f0xx.s

3 symbols



ARM Macro Assembler    Page 1 Alphabetic symbol ordering
Relocatable symbols

.text 00000000

Symbol: .text
   Definitions
      At line 123 in file ..\50_Lib\Assembly\startup_stm32f0xx.s
   Uses
      None
Comment: .text unused
ADC1_COMP_IRQHandler 00000012

Symbol: ADC1_COMP_IRQHandler
   Definitions
      At line 244 in file ..\50_Lib\Assembly\startup_stm32f0xx.s
   Uses
      At line 98 in file ..\50_Lib\Assembly\startup_stm32f0xx.s
      At line 213 in file ..\50_Lib\Assembly\startup_stm32f0xx.s

CEC_IRQHandler 00000012

Symbol: CEC_IRQHandler
   Definitions
      At line 260 in file ..\50_Lib\Assembly\startup_stm32f0xx.s
   Uses
      At line 116 in file ..\50_Lib\Assembly\startup_stm32f0xx.s
      At line 229 in file ..\50_Lib\Assembly\startup_stm32f0xx.s

DMA1_Channel1_IRQHandler 00000012

Symbol: DMA1_Channel1_IRQHandler
   Definitions
      At line 241 in file ..\50_Lib\Assembly\startup_stm32f0xx.s
   Uses
      At line 95 in file ..\50_Lib\Assembly\startup_stm32f0xx.s
      At line 210 in file ..\50_Lib\Assembly\startup_stm32f0xx.s

DMA1_Channel2_3_IRQHandler 00000012

Symbol: DMA1_Channel2_3_IRQHandler
   Definitions
      At line 242 in file ..\50_Lib\Assembly\startup_stm32f0xx.s
   Uses
      At line 96 in file ..\50_Lib\Assembly\startup_stm32f0xx.s
      At line 211 in file ..\50_Lib\Assembly\startup_stm32f0xx.s

DMA1_Channel4_5_IRQHandler 00000012

Symbol: DMA1_Channel4_5_IRQHandler
   Definitions
      At line 243 in file ..\50_Lib\Assembly\startup_stm32f0xx.s
   Uses
      At line 97 in file ..\50_Lib\Assembly\startup_stm32f0xx.s
      At line 212 in file ..\50_Lib\Assembly\startup_stm32f0xx.s

Default_Handler 00000012

Symbol: Default_Handler
   Definitions
      At line 199 in file ..\50_Lib\Assembly\startup_stm32f0xx.s
   Uses



ARM Macro Assembler    Page 2 Alphabetic symbol ordering
Relocatable symbols

      None
Comment: Default_Handler unused
EXTI0_1_IRQHandler 00000012

Symbol: EXTI0_1_IRQHandler
   Definitions
      At line 237 in file ..\50_Lib\Assembly\startup_stm32f0xx.s
   Uses
      At line 91 in file ..\50_Lib\Assembly\startup_stm32f0xx.s
      At line 206 in file ..\50_Lib\Assembly\startup_stm32f0xx.s

EXTI2_3_IRQHandler 00000012

Symbol: EXTI2_3_IRQHandler
   Definitions
      At line 238 in file ..\50_Lib\Assembly\startup_stm32f0xx.s
   Uses
      At line 92 in file ..\50_Lib\Assembly\startup_stm32f0xx.s
      At line 207 in file ..\50_Lib\Assembly\startup_stm32f0xx.s

EXTI4_15_IRQHandler 00000012

Symbol: EXTI4_15_IRQHandler
   Definitions
      At line 239 in file ..\50_Lib\Assembly\startup_stm32f0xx.s
   Uses
      At line 93 in file ..\50_Lib\Assembly\startup_stm32f0xx.s
      At line 208 in file ..\50_Lib\Assembly\startup_stm32f0xx.s

FLASH_IRQHandler 00000012

Symbol: FLASH_IRQHandler
   Definitions
      At line 235 in file ..\50_Lib\Assembly\startup_stm32f0xx.s
   Uses
      At line 89 in file ..\50_Lib\Assembly\startup_stm32f0xx.s
      At line 204 in file ..\50_Lib\Assembly\startup_stm32f0xx.s

HardFault_Handler 0000000A

Symbol: HardFault_Handler
   Definitions
      At line 182 in file ..\50_Lib\Assembly\startup_stm32f0xx.s
   Uses
      At line 71 in file ..\50_Lib\Assembly\startup_stm32f0xx.s
      At line 183 in file ..\50_Lib\Assembly\startup_stm32f0xx.s

I2C1_IRQHandler 00000012

Symbol: I2C1_IRQHandler
   Definitions
      At line 254 in file ..\50_Lib\Assembly\startup_stm32f0xx.s
   Uses
      At line 109 in file ..\50_Lib\Assembly\startup_stm32f0xx.s
      At line 223 in file ..\50_Lib\Assembly\startup_stm32f0xx.s

I2C2_IRQHandler 00000012

Symbol: I2C2_IRQHandler



ARM Macro Assembler    Page 3 Alphabetic symbol ordering
Relocatable symbols

   Definitions
      At line 255 in file ..\50_Lib\Assembly\startup_stm32f0xx.s
   Uses
      At line 110 in file ..\50_Lib\Assembly\startup_stm32f0xx.s
      At line 224 in file ..\50_Lib\Assembly\startup_stm32f0xx.s

NMI_Handler 00000008

Symbol: NMI_Handler
   Definitions
      At line 177 in file ..\50_Lib\Assembly\startup_stm32f0xx.s
   Uses
      At line 70 in file ..\50_Lib\Assembly\startup_stm32f0xx.s
      At line 178 in file ..\50_Lib\Assembly\startup_stm32f0xx.s

PVD_IRQHandler 00000012

Symbol: PVD_IRQHandler
   Definitions
      At line 233 in file ..\50_Lib\Assembly\startup_stm32f0xx.s
   Uses
      At line 87 in file ..\50_Lib\Assembly\startup_stm32f0xx.s
      At line 202 in file ..\50_Lib\Assembly\startup_stm32f0xx.s

PendSV_Handler 0000000E

Symbol: PendSV_Handler
   Definitions
      At line 190 in file ..\50_Lib\Assembly\startup_stm32f0xx.s
   Uses
      At line 82 in file ..\50_Lib\Assembly\startup_stm32f0xx.s
      At line 191 in file ..\50_Lib\Assembly\startup_stm32f0xx.s

RCC_IRQHandler 00000012

Symbol: RCC_IRQHandler
   Definitions
      At line 236 in file ..\50_Lib\Assembly\startup_stm32f0xx.s
   Uses
      At line 90 in file ..\50_Lib\Assembly\startup_stm32f0xx.s
      At line 205 in file ..\50_Lib\Assembly\startup_stm32f0xx.s

RTC_IRQHandler 00000012

Symbol: RTC_IRQHandler
   Definitions
      At line 234 in file ..\50_Lib\Assembly\startup_stm32f0xx.s
   Uses
      At line 88 in file ..\50_Lib\Assembly\startup_stm32f0xx.s
      At line 203 in file ..\50_Lib\Assembly\startup_stm32f0xx.s

Reset_Handler 00000000

Symbol: Reset_Handler
   Definitions
      At line 165 in file ..\50_Lib\Assembly\startup_stm32f0xx.s
   Uses
      At line 69 in file ..\50_Lib\Assembly\startup_stm32f0xx.s
      At line 166 in file ..\50_Lib\Assembly\startup_stm32f0xx.s



ARM Macro Assembler    Page 4 Alphabetic symbol ordering
Relocatable symbols


SPI1_IRQHandler 00000012

Symbol: SPI1_IRQHandler
   Definitions
      At line 256 in file ..\50_Lib\Assembly\startup_stm32f0xx.s
   Uses
      At line 111 in file ..\50_Lib\Assembly\startup_stm32f0xx.s
      At line 225 in file ..\50_Lib\Assembly\startup_stm32f0xx.s

SPI2_IRQHandler 00000012

Symbol: SPI2_IRQHandler
   Definitions
      At line 257 in file ..\50_Lib\Assembly\startup_stm32f0xx.s
   Uses
      At line 112 in file ..\50_Lib\Assembly\startup_stm32f0xx.s
      At line 226 in file ..\50_Lib\Assembly\startup_stm32f0xx.s

SVC_Handler 0000000C

Symbol: SVC_Handler
   Definitions
      At line 186 in file ..\50_Lib\Assembly\startup_stm32f0xx.s
   Uses
      At line 79 in file ..\50_Lib\Assembly\startup_stm32f0xx.s
      At line 187 in file ..\50_Lib\Assembly\startup_stm32f0xx.s

SysTick_Handler 00000010

Symbol: SysTick_Handler
   Definitions
      At line 194 in file ..\50_Lib\Assembly\startup_stm32f0xx.s
   Uses
      At line 83 in file ..\50_Lib\Assembly\startup_stm32f0xx.s
      At line 195 in file ..\50_Lib\Assembly\startup_stm32f0xx.s

TIM14_IRQHandler 00000012

Symbol: TIM14_IRQHandler
   Definitions
      At line 250 in file ..\50_Lib\Assembly\startup_stm32f0xx.s
   Uses
      At line 105 in file ..\50_Lib\Assembly\startup_stm32f0xx.s
      At line 219 in file ..\50_Lib\Assembly\startup_stm32f0xx.s

TIM15_IRQHandler 00000012

Symbol: TIM15_IRQHandler
   Definitions
      At line 251 in file ..\50_Lib\Assembly\startup_stm32f0xx.s
   Uses
      At line 106 in file ..\50_Lib\Assembly\startup_stm32f0xx.s
      At line 220 in file ..\50_Lib\Assembly\startup_stm32f0xx.s

TIM16_IRQHandler 00000012

Symbol: TIM16_IRQHandler
   Definitions



ARM Macro Assembler    Page 5 Alphabetic symbol ordering
Relocatable symbols

      At line 252 in file ..\50_Lib\Assembly\startup_stm32f0xx.s
   Uses
      At line 107 in file ..\50_Lib\Assembly\startup_stm32f0xx.s
      At line 221 in file ..\50_Lib\Assembly\startup_stm32f0xx.s

TIM17_IRQHandler 00000012

Symbol: TIM17_IRQHandler
   Definitions
      At line 253 in file ..\50_Lib\Assembly\startup_stm32f0xx.s
   Uses
      At line 108 in file ..\50_Lib\Assembly\startup_stm32f0xx.s
      At line 222 in file ..\50_Lib\Assembly\startup_stm32f0xx.s

TIM1_BRK_UP_TRG_COM_IRQHandler 00000012

Symbol: TIM1_BRK_UP_TRG_COM_IRQHandler
   Definitions
      At line 245 in file ..\50_Lib\Assembly\startup_stm32f0xx.s
   Uses
      At line 99 in file ..\50_Lib\Assembly\startup_stm32f0xx.s
      At line 214 in file ..\50_Lib\Assembly\startup_stm32f0xx.s

TIM1_CC_IRQHandler 00000012

Symbol: TIM1_CC_IRQHandler
   Definitions
      At line 246 in file ..\50_Lib\Assembly\startup_stm32f0xx.s
   Uses
      At line 100 in file ..\50_Lib\Assembly\startup_stm32f0xx.s
      At line 215 in file ..\50_Lib\Assembly\startup_stm32f0xx.s

TIM2_IRQHandler 00000012

Symbol: TIM2_IRQHandler
   Definitions
      At line 247 in file ..\50_Lib\Assembly\startup_stm32f0xx.s
   Uses
      At line 101 in file ..\50_Lib\Assembly\startup_stm32f0xx.s
      At line 216 in file ..\50_Lib\Assembly\startup_stm32f0xx.s

TIM3_IRQHandler 00000012

Symbol: TIM3_IRQHandler
   Definitions
      At line 248 in file ..\50_Lib\Assembly\startup_stm32f0xx.s
   Uses
      At line 102 in file ..\50_Lib\Assembly\startup_stm32f0xx.s
      At line 217 in file ..\50_Lib\Assembly\startup_stm32f0xx.s

TIM6_DAC_IRQHandler 00000012

Symbol: TIM6_DAC_IRQHandler
   Definitions
      At line 249 in file ..\50_Lib\Assembly\startup_stm32f0xx.s
   Uses
      At line 103 in file ..\50_Lib\Assembly\startup_stm32f0xx.s
      At line 218 in file ..\50_Lib\Assembly\startup_stm32f0xx.s




ARM Macro Assembler    Page 6 Alphabetic symbol ordering
Relocatable symbols

TS_IRQHandler 00000012

Symbol: TS_IRQHandler
   Definitions
      At line 240 in file ..\50_Lib\Assembly\startup_stm32f0xx.s
   Uses
      At line 94 in file ..\50_Lib\Assembly\startup_stm32f0xx.s
      At line 209 in file ..\50_Lib\Assembly\startup_stm32f0xx.s

USART1_IRQHandler 00000012

Symbol: USART1_IRQHandler
   Definitions
      At line 258 in file ..\50_Lib\Assembly\startup_stm32f0xx.s
   Uses
      At line 113 in file ..\50_Lib\Assembly\startup_stm32f0xx.s
      At line 227 in file ..\50_Lib\Assembly\startup_stm32f0xx.s

USART2_IRQHandler 00000012

Symbol: USART2_IRQHandler
   Definitions
      At line 259 in file ..\50_Lib\Assembly\startup_stm32f0xx.s
   Uses
      At line 114 in file ..\50_Lib\Assembly\startup_stm32f0xx.s
      At line 228 in file ..\50_Lib\Assembly\startup_stm32f0xx.s

WWDG_IRQHandler 00000012

Symbol: WWDG_IRQHandler
   Definitions
      At line 232 in file ..\50_Lib\Assembly\startup_stm32f0xx.s
   Uses
      At line 86 in file ..\50_Lib\Assembly\startup_stm32f0xx.s
      At line 201 in file ..\50_Lib\Assembly\startup_stm32f0xx.s

37 symbols



ARM Macro Assembler    Page 1 Alphabetic symbol ordering
Absolute symbols

Heap_Size 00000200

Symbol: Heap_Size
   Definitions
      At line 51 in file ..\50_Lib\Assembly\startup_stm32f0xx.s
   Uses
      At line 55 in file ..\50_Lib\Assembly\startup_stm32f0xx.s
Comment: Heap_Size used once
Stack_Size 00000400

Symbol: Stack_Size
   Definitions
      At line 40 in file ..\50_Lib\Assembly\startup_stm32f0xx.s
   Uses
      At line 43 in file ..\50_Lib\Assembly\startup_stm32f0xx.s
Comment: Stack_Size used once
__Vectors_Size 000000C0

Symbol: __Vectors_Size
   Definitions
      At line 121 in file ..\50_Lib\Assembly\startup_stm32f0xx.s
   Uses
      At line 66 in file ..\50_Lib\Assembly\startup_stm32f0xx.s
Comment: __Vectors_Size used once
3 symbols



ARM Macro Assembler    Page 1 Alphabetic symbol ordering
External symbols

SystemInit 00000000

Symbol: SystemInit
   Definitions
      At line 168 in file ..\50_Lib\Assembly\startup_stm32f0xx.s
   Uses
      At line 169 in file ..\50_Lib\Assembly\startup_stm32f0xx.s
Comment: SystemInit used once
__main 00000000

Symbol: __main
   Definitions
      At line 167 in file ..\50_Lib\Assembly\startup_stm32f0xx.s
   Uses
      At line 171 in file ..\50_Lib\Assembly\startup_stm32f0xx.s
Comment: __main used once
2 symbols
387 symbols in table
